**
(main.tex
LaTeX2e <2021-11-15> patch level 1
L3 programming layer <2022-02-24> (extarticle.cls
Document Class: extarticle 1996/10/08 v1.0 Non Standard LaTeX document class
(size14.clo
File: size14.clo 1999/11/11 v1.4a NON-Standard LaTeX file (size option)
) (exscale.sty
Package: exscale 2018/09/24 v2.1i Standard LaTeX package exscale
LaTeX Font Info:    Redeclaring symbol font `largesymbols' on input line 57.
LaTeX Font Info:    Overwriting symbol font `largesymbols' in version `normal'
(Font)                  OMX/cmex/m/n --> OMX/cmex/m/n on input line 57.
LaTeX Font Info:    Overwriting symbol font `largesymbols' in version `bold'
(Font)                  OMX/cmex/m/n --> OMX/cmex/m/n on input line 57.
\big@size=\dimen138
)
\c@part=\count181
\c@section=\count182
\c@subsection=\count183
\c@subsubsection=\count184
\c@paragraph=\count185
\c@subparagraph=\count186
\c@figure=\count187
\c@table=\count188
\abovecaptionskip=\skip47
\belowcaptionskip=\skip48
\bibindent=\dimen139
) (minted.sty
Package: minted 2021/12/24 v2.6 Yet another Pygments shim for LaTeX
 (keyval.sty
Package: keyval 2014/10/28 v1.15 key=value parser (DPC)
\KV@toks@=\toks16
) (kvoptions.sty
Package: kvoptions 2020-10-07 v3.14 Key value format for package options (HO)

(ltxcmds.sty
Package: ltxcmds 2020-05-10 v1.25 LaTeX kernel commands for general use (HO)
) (kvsetkeys.sty
Package: kvsetkeys 2019/12/15 v1.18 Key value parser (HO)
)) (fvextra.sty
Package: fvextra 2019/02/04 v1.4 fvextra - extensions and patches for fancyvrb
 (ifthen.sty
Package: ifthen 2020/11/24 v1.1c Standard LaTeX ifthen package (DPC)
) (etoolbox.sty
Package: etoolbox 2020/10/05 v2.5k e-TeX tools for LaTeX (JAW)
\etb@tempcnta=\count189
)
(fancyvrb.sty
Package: fancyvrb 2021/12/21 4.1b verbatim text (tvz,hv)
\FV@CodeLineNo=\count190
\FV@InFile=\read2
\FV@TabBox=\box50
\c@FancyVerbLine=\count191
\FV@StepNumber=\count192
\FV@OutFile=\write3
) (upquote.sty
Package: upquote 2012/04/19 v1.3 upright-quote and grave-accent glyphs in verba
tim
 (textcomp.sty
Package: textcomp 2020/02/02 v2.0n Standard LaTeX package
)) (lineno.sty
Package: lineno 2005/11/02 line numbers on paragraphs v4.41
Invalid UTF-8 byte or sequence at line 296 replaced by U+FFFD.
\linenopenalty=\count193
\output=\toks17
\linenoprevgraf=\count194
\linenumbersep=\dimen140
\linenumberwidth=\dimen141
\c@linenumber=\count195
\c@pagewiselinenumber=\count196
\c@LN@truepage=\count197
\c@internallinenumber=\count198
\c@internallinenumbers=\count199
\quotelinenumbersep=\dimen142
\bframerule=\dimen143
\bframesep=\dimen144
\bframebox=\box51
LaTeX Info: Redefining \\ on input line 3056.
)
\c@FV@TrueTabGroupLevel=\count266
\c@FV@TrueTabCounter=\count267
\FV@TabBox@Group=\box52
\FV@TmpLength=\skip49
\c@FV@HighlightLinesStart=\count268
\c@FV@HighlightLinesStop=\count269
\FV@LoopCount=\count270
\FV@NCharsBox=\box53
\FV@BreakIndent=\dimen145
\FV@BreakIndentNChars=\count271
\FV@BreakSymbolSepLeft=\dimen146
\FV@BreakSymbolSepLeftNChars=\count272
\FV@BreakSymbolSepRight=\dimen147
\FV@BreakSymbolSepRightNChars=\count273
\FV@BreakSymbolIndentLeft=\dimen148
\FV@BreakSymbolIndentLeftNChars=\count274
\FV@BreakSymbolIndentRight=\dimen149
\FV@BreakSymbolIndentRightNChars=\count275
\c@FancyVerbLineBreakLast=\count276
\FV@LineBox=\box54
\FV@LineIndentBox=\box55
\FV@LineWidth=\dimen150
) (calc.sty
Package: calc 2017/05/25 v4.3 Infix arithmetic (KKT,FJ)
\calc@Acount=\count277
\calc@Bcount=\count278
\calc@Adimen=\dimen151
\calc@Bdimen=\dimen152
\calc@Askip=\skip50
\calc@Bskip=\skip51
LaTeX Info: Redefining \setlength on input line 80.
LaTeX Info: Redefining \addtolength on input line 81.
\calc@Ccount=\count279
\calc@Cskip=\skip52
)
(shellesc.sty
Package: shellesc 2019/11/08 v1.0c unified shell escape interface for LaTeX
Package shellesc Info: Unrestricted shell escape enabled on input line 75.
) (ifplatform.sty
Package: ifplatform 2017/10/13 v0.4a Testing for the operating system
 (pdftexcmds.sty
Package: pdftexcmds 2020-06-27 v0.33 Utility functions of pdfTeX for LuaTeX (HO
)
 (infwarerr.sty
Package: infwarerr 2019/12/03 v1.5 Providing info/warning/error messages (HO)
) (iftex.sty
Package: iftex 2022/02/03 v1.0f TeX engine tests
)
Package pdftexcmds Info: \pdf@primitive is available.
Package pdftexcmds Info: \pdf@ifprimitive is available.
Package pdftexcmds Info: \pdfdraftmode not found.
)
(catchfile.sty
Package: catchfile 2019/12/09 v1.8 Catch the contents of a file (HO)
 (etexcmds.sty
Package: etexcmds 2019/12/15 v1.7 Avoid name clashes with e-TeX commands (HO)
)) (ifluatex.sty
Package: ifluatex 2019/10/25 v1.5 ifluatex legacy package. Use iftex instead.
)

Package ifplatform Warning: 
    I can't tell if this is Windows or *nix; you appear to be neither.

) (xstring.sty (xstring.tex
\integerpart=\count280
\decimalpart=\count281
)
Package: xstring 2021/07/21 v1.84 String manipulations (CT)
) (framed.sty
Package: framed 2011/10/22 v 0.96: framed or shaded text with page breaks
\OuterFrameSep=\skip53
\fb@frw=\dimen153
\fb@frh=\dimen154
\FrameRule=\dimen155
\FrameSep=\dimen156
) (float.sty
Package: float 2001/11/08 v1.3d Float enhancements (AL)
\c@float@type=\count282
\float@exts=\toks18
\float@box=\box56
\@float@everytoks=\toks19
\@floatcapt=\box57
)
\minted@appexistsfile=\read3
\minted@bgbox=\box58
\minted@code=\write4
\c@minted@FancyVerbLineTemp=\count283
\c@minted@pygmentizecounter=\count284
\@float@every@listing=\toks20
\c@listing=\count285
) (geometry.sty
Package: geometry 2020/01/02 v5.9 Page Geometry

(ifvtex.sty
Package: ifvtex 2019/10/25 v1.7 ifvtex legacy package. Use iftex instead.
)
\Gm@cnth=\count286
\Gm@cntv=\count287
\c@Gm@tempcnt=\count288
\Gm@bindingoffset=\dimen157
\Gm@wd@mp=\dimen158
\Gm@odd@mp=\dimen159
\Gm@even@mp=\dimen160
\Gm@layoutwidth=\dimen161
\Gm@layoutheight=\dimen162
\Gm@layouthoffset=\dimen163
\Gm@layoutvoffset=\dimen164
\Gm@dimlist=\toks21
) (hyperref.sty
Package: hyperref 2022-02-21 v7.00n Hypertext links for LaTeX
 (kvdefinekeys.sty
Package: kvdefinekeys 2019-12-19 v1.6 Define keys (HO)
) (pdfescape.sty
Package: pdfescape 2019/12/09 v1.15 Implements pdfTeX's escape features (HO)
) (hycolor.sty
Package: hycolor 2020-01-27 v1.10 Color options for hyperref/bookmark (HO)
)
(letltxmacro.sty
Package: letltxmacro 2019/12/03 v1.6 Let assignment for LaTeX macros (HO)
) (auxhook.sty
Package: auxhook 2019-12-17 v1.6 Hooks for auxiliary files (HO)
)
\@linkdim=\dimen165
\Hy@linkcounter=\count289
\Hy@pagecounter=\count290
 (pd1enc.def
File: pd1enc.def 2022-02-21 v7.00n Hyperref: PDFDocEncoding definition (HO)
) (intcalc.sty
Package: intcalc 2019/12/15 v1.3 Expandable calculations with integers (HO)
)
\Hy@SavedSpaceFactor=\count291
 (puenc.def
File: puenc.def 2022-02-21 v7.00n Hyperref: PDF Unicode definition (HO)
)
Package hyperref Info: Hyper figures OFF on input line 4137.
Package hyperref Info: Link nesting OFF on input line 4142.
Package hyperref Info: Hyper index ON on input line 4145.
Package hyperref Info: Plain pages OFF on input line 4152.
Package hyperref Info: Backreferencing OFF on input line 4157.
Package hyperref Info: Implicit mode ON; LaTeX internals redefined.
Package hyperref Info: Bookmarks ON on input line 4390.
\c@Hy@tempcnt=\count292
 (url.sty
\Urlmuskip=\muskip16
Package: url 2013/09/16  ver 3.4  Verb mode for urls, etc.
)
LaTeX Info: Redefining \url on input line 4749.
\XeTeXLinkMargin=\dimen166
 (bitset.sty
Package: bitset 2019/12/09 v1.3 Handle bit-vector datatype (HO)
 (bigintcalc.sty
Package: bigintcalc 2019/12/15 v1.5 Expandable calculations on big integers (HO
)
))
\Fld@menulength=\count293
\Field@Width=\dimen167
\Fld@charsize=\dimen168
Package hyperref Info: Hyper figures OFF on input line 6027.
Package hyperref Info: Link nesting OFF on input line 6032.
Package hyperref Info: Hyper index ON on input line 6035.
Package hyperref Info: backreferencing OFF on input line 6042.
Package hyperref Info: Link coloring OFF on input line 6047.
Package hyperref Info: Link coloring with OCG OFF on input line 6052.
Package hyperref Info: PDF/A mode OFF on input line 6057.
LaTeX Info: Redefining \ref on input line 6097.
LaTeX Info: Redefining \pageref on input line 6101.
 (atbegshi-ltx.sty
Package: atbegshi-ltx 2021/01/10 v1.0c Emulation of the original atbegshi
package with kernel methods
)
\Hy@abspage=\count294
\c@Item=\count295
\c@Hfootnote=\count296
)
Package hyperref Info: Driver (autodetected): hxetex.
 (hxetex.def
File: hxetex.def 2022-02-21 v7.00n Hyperref driver for XeTeX
 (stringenc.sty
Package: stringenc 2019/11/29 v1.12 Convert strings between diff. encodings (HO
)
)
\pdfm@box=\box59
\c@Hy@AnnotLevel=\count297
\HyField@AnnotCount=\count298
\Fld@listcount=\count299
\c@bookmark@seq@number=\count300
(rerunfilecheck.sty
Package: rerunfilecheck 2019/12/05 v1.9 Rerun checks for auxiliary files (HO)
 (atveryend-ltx.sty
Package: atveryend-ltx 2020/08/19 v1.0a Emulation of the original atveryend pac
kage
with kernel methods
) (uniquecounter.sty
Package: uniquecounter 2019/12/15 v1.4 Provide unlimited unique counter (HO)
)
Package uniquecounter Info: New unique counter `rerunfilecheck' on input line 2
86.
)
\Hy@SectionHShift=\skip54
) (titlesec.sty
Package: titlesec 2021/07/05 v2.14 Sectioning titles
\ttl@box=\box60
\beforetitleunit=\skip55
\aftertitleunit=\skip56
\ttl@plus=\dimen169
\ttl@minus=\dimen170
\ttl@toksa=\toks22
\titlewidth=\dimen171
\titlewidthlast=\dimen172
\titlewidthfirst=\dimen173
)
(enumitem.sty
Package: enumitem 2019/06/20 v3.9 Customized lists
\labelindent=\skip57
\enit@outerparindent=\dimen174
\enit@toks=\toks23
\enit@inbox=\box61
\enit@count@id=\count301
\enitdp@description=\count302
) (xcolor.sty
Package: xcolor 2021/10/31 v2.13 LaTeX color extensions (UK)
 (color.cfg
File: color.cfg 2016/01/02 v1.6 sample color configuration
)
Package xcolor Info: Driver file: xetex.def on input line 227.
 (xetex.def
File: xetex.def 2021/03/18 v5.0k Graphics/color driver for xetex
)
Package xcolor Info: Model `cmy' substituted by `cmy0' on input line 1352.
Package xcolor Info: Model `RGB' extended on input line 1368.
Package xcolor Info: Model `HTML' substituted by `rgb' on input line 1370.
Package xcolor Info: Model `Hsb' substituted by `hsb' on input line 1371.
Package xcolor Info: Model `tHsb' substituted by `hsb' on input line 1372.
Package xcolor Info: Model `HSB' substituted by `hsb' on input line 1373.
Package xcolor Info: Model `Gray' substituted by `gray' on input line 1374.
Package xcolor Info: Model `wave' substituted by `hsb' on input line 1375.
) (l3backend-xetex.def
File: l3backend-xetex.def 2022-02-07 L3 backend support: XeTeX
\c__kernel_sys_dvipdfmx_version_int=\count303
\l__color_backend_stack_int=\count304
\g__color_backend_stack_int=\count305
\g__graphics_track_int=\count306
\l__pdf_internal_box=\box62
\g__pdf_backend_object_int=\count307
\g__pdf_backend_annotation_int=\count308
\g__pdf_backend_link_int=\count309
)
(main.aux)
\openout1 = `main.aux'.

LaTeX Font Info:    Checking defaults for OML/cmm/m/it on input line 16.
LaTeX Font Info:    ... okay on input line 16.
LaTeX Font Info:    Checking defaults for OMS/cmsy/m/n on input line 16.
LaTeX Font Info:    ... okay on input line 16.
LaTeX Font Info:    Checking defaults for OT1/cmr/m/n on input line 16.
LaTeX Font Info:    ... okay on input line 16.
LaTeX Font Info:    Checking defaults for T1/cmr/m/n on input line 16.
LaTeX Font Info:    ... okay on input line 16.
LaTeX Font Info:    Checking defaults for TS1/cmr/m/n on input line 16.
LaTeX Font Info:    Trying to load font information for TS1+cmr on input line 1
6.
 (ts1cmr.fd
File: ts1cmr.fd 2019/12/16 v2.5j Standard LaTeX font definitions
)
LaTeX Font Info:    ... okay on input line 16.
LaTeX Font Info:    Checking defaults for TU/lmr/m/n on input line 16.
LaTeX Font Info:    ... okay on input line 16.
LaTeX Font Info:    Checking defaults for OMX/cmex/m/n on input line 16.
LaTeX Font Info:    ... okay on input line 16.
LaTeX Font Info:    Checking defaults for U/cmr/m/n on input line 16.
LaTeX Font Info:    ... okay on input line 16.
LaTeX Font Info:    Checking defaults for PD1/pdf/m/n on input line 16.
LaTeX Font Info:    ... okay on input line 16.
LaTeX Font Info:    Checking defaults for PU/pdf/m/n on input line 16.
LaTeX Font Info:    ... okay on input line 16.

*geometry* driver: auto-detecting
*geometry* detected driver: xetex
*geometry* verbose mode - [ preamble ] result:
* driver: xetex
* paper: <default>
* layout: <same size as paper>
* layoutoffset:(h,v)=(0.0pt,0.0pt)
* modes: 
* h-part:(L,W,R)=(57.81621pt, 498.66258pt, 57.81621pt)
* v-part:(T,H,B)=(57.81621pt, 679.33757pt, 57.81621pt)
* \paperwidth=614.295pt
* \paperheight=794.96999pt
* \textwidth=498.66258pt
* \textheight=679.33757pt
* \oddsidemargin=-14.45378pt
* \evensidemargin=-14.45378pt
* \topmargin=-53.45378pt
* \headheight=14.0pt
* \headsep=25.0pt
* \topskip=14.0pt
* \footskip=30.0pt
* \marginparwidth=24.0pt
* \marginparsep=10.0pt
* \columnsep=10.0pt
* \skip\footins=12.0pt plus 4.0pt minus 2.0pt
* \hoffset=0.0pt
* \voffset=0.0pt
* \mag=1000
* \@twocolumnfalse
* \@twosidefalse
* \@mparswitchfalse
* \@reversemarginfalse
* (1in=72.27pt=25.4mm, 1cm=28.453pt)

Package hyperref Info: Link coloring OFF on input line 16.
(nameref.sty
Package: nameref 2021-04-02 v2.47 Cross-referencing by name of section
 (refcount.sty
Package: refcount 2019/12/15 v3.6 Data extraction from label references (HO)
) (gettitlestring.sty
Package: gettitlestring 2019/12/15 v1.6 Cleanup title references (HO)
)
\c@section@level=\count310
)
LaTeX Info: Redefining \ref on input line 16.
LaTeX Info: Redefining \pageref on input line 16.
LaTeX Info: Redefining \nameref on input line 16.
 (main.out) (main.out)
\@outlinefile=\write5
\openout5 = `main.out'.


(main.toc
LaTeX Font Info:    External font `cmex7' loaded for size
(Font)              <7> on input line 3.
 [1

] [2] [3])
\tf@toc=\write6
\openout6 = `main.toc'.

\openout3 = `main.pyg'.

 (_minted-main/default.pygstyle)
(_minted-main/5C82F573FEE0BD44CCEE43E1EB6F3FD6F1AF6934EBCEC12043922F45B0310B3B.
pygtex
LaTeX Font Info:    External font `cmex7' loaded for size
(Font)              <5> on input line 2.
LaTeX Font Info:    Font shape `TU/lmtt/bx/n' in size <12> not available
(Font)              Font shape `TU/lmtt/b/n' tried instead on input line 4.
LaTeX Font Info:    Font shape `TU/lmtt/bx/n' in size <10> not available
(Font)              Font shape `TU/lmtt/b/n' tried instead on input line 4.
)
\openout3 = `main.pyg'.


(_minted-main/8D9A3C3DCB88D0414AB2D55601B9637AF1AF6934EBCEC12043922F45B0310B3B.
pygtex [4]
LaTeX Font Info:    External font `cmex7' loaded for size
(Font)              <6> on input line 37.
 [5])
\openout3 = `main.pyg'.


(_minted-main/BC25463D46920B0553E4C291C4F77C49F1AF6934EBCEC12043922F45B0310B3B.
pygtex [6])
\openout3 = `main.pyg'.


(_minted-main/82922A9289D9F0551D4BADB864A9D0E0F1AF6934EBCEC12043922F45B0310B3B.
pygtex [7] [8])
\openout3 = `main.pyg'.


(_minted-main/D3C59C5E156FA5F608AA9B8FF82C1117F1AF6934EBCEC12043922F45B0310B3B.
pygtex [9])
\openout3 = `main.pyg'.


(_minted-main/53DCAD0D80DAADC32EC4E5435CA3F74AF1AF6934EBCEC12043922F45B0310B3B.
pygtex [10])
\openout3 = `main.pyg'.


(_minted-main/B47C148F7B99AFBDF10220B80967E5B5F1AF6934EBCEC12043922F45B0310B3B.
pygtex)
\openout3 = `main.pyg'.


(_minted-main/59104175F257EC55B1984F5FD00C6234F1AF6934EBCEC12043922F45B0310B3B.
pygtex [11])
\openout3 = `main.pyg'.


(_minted-main/B23475424EB8463298ABD7E545624330F1AF6934EBCEC12043922F45B0310B3B.
pygtex [12])
\openout3 = `main.pyg'.


(_minted-main/D93D22D7DEBB99C05EB96DAC464DBDBDF1AF6934EBCEC12043922F45B0310B3B.
pygtex [13])
\openout3 = `main.pyg'.


(_minted-main/F009CB6F0D5192681909A035CB496F33F1AF6934EBCEC12043922F45B0310B3B.
pygtex [14] [15] [16])
\openout3 = `main.pyg'.


(_minted-main/BDDADC51CE5111EE89702CD67557C877F1AF6934EBCEC12043922F45B0310B3B.
pygtex [17])
\openout3 = `main.pyg'.


(_minted-main/7837D2007DBD48B278D8999FDD4490B9F1AF6934EBCEC12043922F45B0310B3B.
pygtex)
\openout3 = `main.pyg'.


(_minted-main/9E25DB9163F1BD8B514EDBA48BA0F0A7F1AF6934EBCEC12043922F45B0310B3B.
pygtex [18])
\openout3 = `main.pyg'.


(_minted-main/07F5A9E74545B2EFD77521BB58C220DEF1AF6934EBCEC12043922F45B0310B3B.
pygtex [19] [20] [21])
\openout3 = `main.pyg'.


(_minted-main/0131A978EC80E275ABAFEB58CE8E2DA8F1AF6934EBCEC12043922F45B0310B3B.
pygtex [22])
\openout3 = `main.pyg'.


(_minted-main/B3B97361EEFD3658001453701FBA992FF1AF6934EBCEC12043922F45B0310B3B.
pygtex [23])
\openout3 = `main.pyg'.


(_minted-main/98C7965368E751B909D6E38209C256FCF1AF6934EBCEC12043922F45B0310B3B.
pygtex [24])
\openout3 = `main.pyg'.


(_minted-main/DF8F4FEA10B5E34F40F2F2236F9D4ECBF1AF6934EBCEC12043922F45B0310B3B.
pygtex [25] [26] [27])
\openout3 = `main.pyg'.


(_minted-main/91891EB6095380E736B9BBF6A720D94AF1AF6934EBCEC12043922F45B0310B3B.
pygtex [28] [29])
\openout3 = `main.pyg'.


(_minted-main/BB971CB570F0B68D99A72B439CA44FD0F1AF6934EBCEC12043922F45B0310B3B.
pygtex [30])
\openout3 = `main.pyg'.


(_minted-main/002EF5966F664946A10EE62BF7D8F828F1AF6934EBCEC12043922F45B0310B3B.
pygtex [31] [32])
\openout3 = `main.pyg'.


(_minted-main/B5C215131EEE5EEB773EEF76CB3CC5B9F1AF6934EBCEC12043922F45B0310B3B.
pygtex [33])
\openout3 = `main.pyg'.


(_minted-main/1EB8F02199291ED43BEB2C6D7F3CA27AF1AF6934EBCEC12043922F45B0310B3B.
pygtex [34] [35])
\openout3 = `main.pyg'.


(_minted-main/1424161DED816EEFE6C6C895E6264165F1AF6934EBCEC12043922F45B0310B3B.
pygtex [36])
\openout3 = `main.pyg'.


(_minted-main/825333DD0ED781659310AB9136D256DAF1AF6934EBCEC12043922F45B0310B3B.
pygtex)
\openout3 = `main.pyg'.


(_minted-main/4D36B6BC68D72297136A79EFC42DD43FF1AF6934EBCEC12043922F45B0310B3B.
pygtex [37])
\openout3 = `main.pyg'.


(_minted-main/A99ACB389FB8CCD6398C450F09DD50EBF1AF6934EBCEC12043922F45B0310B3B.
pygtex [38] [39])
\openout3 = `main.pyg'.


(_minted-main/9272C039F01B32DE0C36DC4DAA063D40F1AF6934EBCEC12043922F45B0310B3B.
pygtex [40])
\openout3 = `main.pyg'.


(_minted-main/3940FCC62631211410E55773F8346CECF1AF6934EBCEC12043922F45B0310B3B.
pygtex [41])
\openout3 = `main.pyg'.


(_minted-main/2C8B00B5B60995A759CFE1B04E1C63B7F1AF6934EBCEC12043922F45B0310B3B.
pygtex [42] [43])
\openout3 = `main.pyg'.


(_minted-main/EAFBBC6E288238528C5D0D4C763AA872F1AF6934EBCEC12043922F45B0310B3B.
pygtex [44] [45])
\openout3 = `main.pyg'.


(_minted-main/893EEE90FFD36C61F6AC083252C7F683F1AF6934EBCEC12043922F45B0310B3B.
pygtex [46])
\openout3 = `main.pyg'.


(_minted-main/ED62CFA20457B2D8A3CD6C9EA19EFBD7F1AF6934EBCEC12043922F45B0310B3B.
pygtex)
\openout3 = `main.pyg'.


(_minted-main/E40BBF539CC77A1F3C7190960F63B85EF1AF6934EBCEC12043922F45B0310B3B.
pygtex [47] [48])
\openout3 = `main.pyg'.


(_minted-main/5F8B3192A2ECB2B083E0DF650FFB109CF1AF6934EBCEC12043922F45B0310B3B.
pygtex [49] [50])
\openout3 = `main.pyg'.


(_minted-main/BF697731D408134F8E5258A1EEF8B738F1AF6934EBCEC12043922F45B0310B3B.
pygtex [51])
\openout3 = `main.pyg'.


(_minted-main/B8003F8684B662A66DDDEAA22518332AF1AF6934EBCEC12043922F45B0310B3B.
pygtex [52])
\openout3 = `main.pyg'.


(_minted-main/2E3EC1632ED35460E9A1CFB598065BE2F1AF6934EBCEC12043922F45B0310B3B.
pygtex [53] [54])
\openout3 = `main.pyg'.


(_minted-main/50D0803EE1A7C70636B00BCBAF182EACF1AF6934EBCEC12043922F45B0310B3B.
pygtex [55])
\openout3 = `main.pyg'.


(_minted-main/8B9B72F1C5464A85999CF0D1A875461FF1AF6934EBCEC12043922F45B0310B3B.
pygtex [56] [57])
\openout3 = `main.pyg'.


(_minted-main/1F33AAA6AD1500291B54B0476341A507F1AF6934EBCEC12043922F45B0310B3B.
pygtex [58] [59])
\openout3 = `main.pyg'.


(_minted-main/37A5A17EFDF8B3AF946B6733CF04CBD9F1AF6934EBCEC12043922F45B0310B3B.
pygtex)
\openout3 = `main.pyg'.


(_minted-main/56A7F27C88C38802938C126B1875423CF1AF6934EBCEC12043922F45B0310B3B.
pygtex [60] [61] [62])
\openout3 = `main.pyg'.


(_minted-main/9246D686EB311A534102C3894AFB470FF1AF6934EBCEC12043922F45B0310B3B.
pygtex)
\openout3 = `main.pyg'.


(_minted-main/4F873A4F91738610AAFB0110E51BE09AF1AF6934EBCEC12043922F45B0310B3B.
pygtex [63])
\openout3 = `main.pyg'.


(_minted-main/28B3B2F0A81901AC3FA720625AE9E446F1AF6934EBCEC12043922F45B0310B3B.
pygtex [64])
\openout3 = `main.pyg'.


(_minted-main/29C939DDEE0027349253BE5BEFF3A671F1AF6934EBCEC12043922F45B0310B3B.
pygtex [65])
\openout3 = `main.pyg'.


(_minted-main/E90F1BAB318804665197857EC2BE04C4F1AF6934EBCEC12043922F45B0310B3B.
pygtex [66])
\openout3 = `main.pyg'.


(_minted-main/CBC310F6E7E4AB532299EDCAE5B8B8BCF1AF6934EBCEC12043922F45B0310B3B.
pygtex [67] [68])
\openout3 = `main.pyg'.


(_minted-main/AD3358D349F64B23F30C303F63F05241F1AF6934EBCEC12043922F45B0310B3B.
pygtex [69])
\openout3 = `main.pyg'.


(_minted-main/C0ABDB649C119A454A60DE277C6D21E5F1AF6934EBCEC12043922F45B0310B3B.
pygtex)
\openout3 = `main.pyg'.


(_minted-main/57F0F3FB2F9DF81C39CD70C208777826F1AF6934EBCEC12043922F45B0310B3B.
pygtex)
\openout3 = `main.pyg'.


(_minted-main/85D481EFE75565CA8868DBAE699F66AEF1AF6934EBCEC12043922F45B0310B3B.
pygtex [70])
\openout3 = `main.pyg'.


(_minted-main/C83D4E746C01809A6DE118000EADA270F1AF6934EBCEC12043922F45B0310B3B.
pygtex)
\openout3 = `main.pyg'.


(_minted-main/93AC29F8DFEFDFC05D57DD9284A146CCF1AF6934EBCEC12043922F45B0310B3B.
pygtex [71])
\openout3 = `main.pyg'.


(_minted-main/972E2E8D2C99117B4872D0E192D36BBBF1AF6934EBCEC12043922F45B0310B3B.
pygtex [72])
\openout3 = `main.pyg'.


(_minted-main/6F6506249565EF56DA86E9CFEC8B262BF1AF6934EBCEC12043922F45B0310B3B.
pygtex [73])
\openout3 = `main.pyg'.


(_minted-main/7BBF00B63D6A5FDB340118CBCF62B9DCF1AF6934EBCEC12043922F45B0310B3B.
pygtex)
\openout3 = `main.pyg'.


(_minted-main/31D66CD6F1BA7983A45FA07BA4D054F5F1AF6934EBCEC12043922F45B0310B3B.
pygtex [74])
\openout3 = `main.pyg'.


(_minted-main/31EA454E0C4D64D54D5798E9A019416DF1AF6934EBCEC12043922F45B0310B3B.
pygtex [75])
\openout3 = `main.pyg'.


(_minted-main/8C4C711E2237350F0A4AE31DA7447863F1AF6934EBCEC12043922F45B0310B3B.
pygtex [76])
\openout3 = `main.pyg'.


(_minted-main/C978AC785C7EE1FEB93A0C9F47E3F68AF1AF6934EBCEC12043922F45B0310B3B.
pygtex [77])
\openout3 = `main.pyg'.


(_minted-main/8226FDFED6F6547EE2CCCAD821D60905F1AF6934EBCEC12043922F45B0310B3B.
pygtex)
\openout3 = `main.pyg'.


(_minted-main/A343A9ADD3A600660D959EA8A87E26F6F1AF6934EBCEC12043922F45B0310B3B.
pygtex [78] [79])
\openout3 = `main.pyg'.


(_minted-main/C05B31FC43D482ABB318AE5FF38438FDF1AF6934EBCEC12043922F45B0310B3B.
pygtex [80] [81] [82] [83])
\openout3 = `main.pyg'.


(_minted-main/514447C39CAEB23430C66F666C45C07EF1AF6934EBCEC12043922F45B0310B3B.
pygtex)
\openout3 = `main.pyg'.


(_minted-main/B8980282C1E78C253440D27E3E2239A8F1AF6934EBCEC12043922F45B0310B3B.
pygtex [84])
\openout3 = `main.pyg'.


(_minted-main/B99332B14D59446C4BE1B0119D1012ADF1AF6934EBCEC12043922F45B0310B3B.
pygtex [85])
\openout3 = `main.pyg'.


(_minted-main/D6B373779879783A2CAE8FF27630ED4BF1AF6934EBCEC12043922F45B0310B3B.
pygtex
Missing character: There is no ≤ (U+2264) in font [lmmono10-italic]:!
Missing character: There is no ≤ (U+2264) in font [lmmono10-italic]:!
Missing character: There is no ≤ (U+2264) in font [lmmono10-italic]:!
Missing character: There is no ≤ (U+2264) in font [lmmono10-italic]:!
Missing character: There is no ≤ (U+2264) in font [lmmono10-italic]:!
Missing character: There is no ≤ (U+2264) in font [lmmono10-italic]:!
[86])
\openout3 = `main.pyg'.


(_minted-main/E78202B7FF8924A43F1BCCA052EE83D5F1AF6934EBCEC12043922F45B0310B3B.
pygtex [87])
\openout3 = `main.pyg'.


(_minted-main/84A3345EF6DBA7DD0C42F5D6F6077A7DF1AF6934EBCEC12043922F45B0310B3B.
pygtex)
\openout3 = `main.pyg'.


(_minted-main/5F84E07EE0CF136DD0EE1462AF8A8861F1AF6934EBCEC12043922F45B0310B3B.
pygtex [88])
\openout3 = `main.pyg'.


(_minted-main/E19251C79BE91FC05E8A3095FA8E112DF1AF6934EBCEC12043922F45B0310B3B.
pygtex
Missing character: There is no م (U+0645) in font [lmmono12-regular]:!
Missing character: There is no ت (U+062A) in font [lmmono12-regular]:!
Missing character: There is no ن (U+0646) in font [lmmono12-regular]:!
Missing character: There is no س (U+0633) in font [lmmono12-regular]:!
Missing character: There is no ا (U+0627) in font [lmmono12-regular]:!
Missing character: There is no ش (U+0634) in font [lmmono12-regular]:!
Missing character: There is no ك (U+0643) in font [lmmono12-regular]:!
Missing character: There is no و (U+0648) in font [lmmono12-regular]:!
Missing character: There is no د (U+062F) in font [lmmono12-regular]:!
Missing character: There is no س (U+0633) in font [lmmono12-regular]:!
Missing character: There is no ب (U+0628) in font [lmmono12-regular]:!
Missing character: There is no ف (U+0641) in font [lmmono12-regular]:!
Missing character: There is no ق (U+0642) in font [lmmono12-regular]:!
Missing character: There is no ب (U+0628) in font [lmmono12-regular]:!
Missing character: There is no ل (U+0644) in font [lmmono12-regular]:!
Missing character: There is no ه (U+0647) in font [lmmono12-regular]:!
Missing character: There is no ا (U+0627) in font [lmmono12-regular]:!
Missing character: There is no م (U+0645) in font [lmmono12-regular]:!
Missing character: There is no ت (U+062A) in font [lmmono12-regular]:!
Missing character: There is no ن (U+0646) in font [lmmono12-regular]:!
Missing character: There is no س (U+0633) in font [lmmono12-regular]:!
Missing character: There is no ا (U+0627) in font [lmmono12-regular]:!
Missing character: There is no ش (U+0634) in font [lmmono12-regular]:!
Missing character: There is no ك (U+0643) in font [lmmono12-regular]:!
Missing character: There is no و (U+0648) in font [lmmono12-regular]:!
Missing character: There is no د (U+062F) in font [lmmono12-regular]:!
Missing character: There is no س (U+0633) in font [lmmono12-regular]:!
Missing character: There is no ب (U+0628) in font [lmmono12-regular]:!
Missing character: There is no ف (U+0641) in font [lmmono12-regular]:!
Missing character: There is no ق (U+0642) in font [lmmono12-regular]:!
Missing character: There is no ب (U+0628) in font [lmmono12-regular]:!
Missing character: There is no ل (U+0644) in font [lmmono12-regular]:!
Missing character: There is no ه (U+0647) in font [lmmono12-regular]:!
Missing character: There is no ا (U+0627) in font [lmmono12-regular]:!
[89]
Missing character: There is no م (U+0645) in font [lmmono12-regular]:!
Missing character: There is no ت (U+062A) in font [lmmono12-regular]:!
Missing character: There is no ن (U+0646) in font [lmmono12-regular]:!
Missing character: There is no س (U+0633) in font [lmmono12-regular]:!
Missing character: There is no ا (U+0627) in font [lmmono12-regular]:!
Missing character: There is no ش (U+0634) in font [lmmono12-regular]:!
Missing character: There is no ت (U+062A) in font [lmmono12-regular]:!
Missing character: There is no س (U+0633) in font [lmmono12-regular]:!
Missing character: There is no ت (U+062A) in font [lmmono12-regular]:!
Missing character: There is no خ (U+062E) in font [lmmono12-regular]:!
Missing character: There is no د (U+062F) in font [lmmono12-regular]:!
Missing character: There is no م (U+0645) in font [lmmono12-regular]:!
Missing character: There is no س (U+0633) in font [lmmono12-regular]:!
Missing character: There is no ي (U+064A) in font [lmmono12-regular]:!
Missing character: There is no ف (U+0641) in font [lmmono12-regular]:!
Missing character: There is no ق (U+0642) in font [lmmono12-regular]:!
Missing character: There is no ب (U+0628) in font [lmmono12-regular]:!
Missing character: There is no ل (U+0644) in font [lmmono12-regular]:!
Missing character: There is no ه (U+0647) in font [lmmono12-regular]:!
Missing character: There is no ل (U+0644) in font [lmmono12-regular]:!
Missing character: There is no ح (U+062D) in font [lmmono12-regular]:!
Missing character: There is no د (U+062F) in font [lmmono12-regular]:!
Missing character: There is no ج (U+062C) in font [lmmono12-regular]:!
Missing character: There is no ذ (U+0630) in font [lmmono12-regular]:!
Missing character: There is no ر (U+0631) in font [lmmono12-regular]:!
Missing character: There is no ا (U+0627) in font [lmmono12-regular]:!
Missing character: There is no ل (U+0644) in font [lmmono12-regular]:!
Missing character: There is no م (U+0645) in font [lmmono12-regular]:!
Missing character: There is no ت (U+062A) in font [lmmono12-regular]:!
Missing character: There is no ن (U+0646) in font [lmmono12-regular]:!
Missing character: There is no س (U+0633) in font [lmmono12-regular]:!
Missing character: There is no ا (U+0627) in font [lmmono12-regular]:!
Missing character: There is no ش (U+0634) in font [lmmono12-regular]:!
Missing character: There is no ت (U+062A) in font [lmmono12-regular]:!
Missing character: There is no س (U+0633) in font [lmmono12-regular]:!
Missing character: There is no ت (U+062A) in font [lmmono12-regular]:!
Missing character: There is no خ (U+062E) in font [lmmono12-regular]:!
Missing character: There is no د (U+062F) in font [lmmono12-regular]:!
Missing character: There is no م (U+0645) in font [lmmono12-regular]:!
Missing character: There is no س (U+0633) in font [lmmono12-regular]:!
Missing character: There is no ي (U+064A) in font [lmmono12-regular]:!
Missing character: There is no ف (U+0641) in font [lmmono12-regular]:!
Missing character: There is no ق (U+0642) in font [lmmono12-regular]:!
Missing character: There is no ب (U+0628) in font [lmmono12-regular]:!
Missing character: There is no ل (U+0644) in font [lmmono12-regular]:!
Missing character: There is no ه (U+0647) in font [lmmono12-regular]:!
Missing character: There is no ل (U+0644) in font [lmmono12-regular]:!
Missing character: There is no ح (U+062D) in font [lmmono12-regular]:!
Missing character: There is no د (U+062F) in font [lmmono12-regular]:!
Missing character: There is no ج (U+062C) in font [lmmono12-regular]:!
Missing character: There is no ذ (U+0630) in font [lmmono12-regular]:!
Missing character: There is no ر (U+0631) in font [lmmono12-regular]:!
Missing character: There is no ا (U+0627) in font [lmmono12-regular]:!
Missing character: There is no ل (U+0644) in font [lmmono12-regular]:!
Missing character: There is no م (U+0645) in font [lmmono10-italic]:!
Missing character: There is no ت (U+062A) in font [lmmono10-italic]:!
Missing character: There is no س (U+0633) in font [lmmono10-italic]:!
Missing character: There is no ن (U+0646) in font [lmmono10-italic]:!
Missing character: There is no ا (U+0627) in font [lmmono10-italic]:!
Missing character: There is no ش (U+0634) in font [lmmono10-italic]:!
Missing character: There is no ت (U+062A) in font [lmmono10-italic]:!
Missing character: There is no ن (U+0646) in font [lmmono10-italic]:!
Missing character: There is no ق (U+0642) in font [lmmono10-italic]:!
Missing character: There is no ص (U+0635) in font [lmmono10-italic]:!
Missing character: There is no و (U+0648) in font [lmmono10-italic]:!
Missing character: There is no ا (U+0627) in font [lmmono10-italic]:!
Missing character: There is no ن (U+0646) in font [lmmono10-italic]:!
Missing character: There is no ت (U+062A) in font [lmmono10-italic]:!
Missing character: There is no ب (U+0628) in font [lmmono10-italic]:!
Missing character: There is no ت (U+062A) in font [lmmono10-italic]:!
Missing character: There is no س (U+0633) in font [lmmono10-italic]:!
Missing character: There is no أ (U+0623) in font [lmmono10-italic]:!
Missing character: There is no ل (U+0644) in font [lmmono10-italic]:!
Missing character: There is no م (U+0645) in font [lmmono10-italic]:!
Missing character: There is no ت (U+062A) in font [lmmono10-italic]:!
Missing character: There is no س (U+0633) in font [lmmono10-italic]:!
Missing character: There is no ن (U+0646) in font [lmmono10-italic]:!
Missing character: There is no ا (U+0627) in font [lmmono10-italic]:!
Missing character: There is no ش (U+0634) in font [lmmono10-italic]:!
Missing character: There is no ت (U+062A) in font [lmmono10-italic]:!
Missing character: There is no ن (U+0646) in font [lmmono10-italic]:!
Missing character: There is no ق (U+0642) in font [lmmono10-italic]:!
Missing character: There is no ص (U+0635) in font [lmmono10-italic]:!
Missing character: There is no و (U+0648) in font [lmmono10-italic]:!
Missing character: There is no ا (U+0627) in font [lmmono10-italic]:!
Missing character: There is no ن (U+0646) in font [lmmono10-italic]:!
Missing character: There is no ت (U+062A) in font [lmmono10-italic]:!
Missing character: There is no ب (U+0628) in font [lmmono10-italic]:!
Missing character: There is no ت (U+062A) in font [lmmono10-italic]:!
Missing character: There is no س (U+0633) in font [lmmono10-italic]:!
Missing character: There is no أ (U+0623) in font [lmmono10-italic]:!
Missing character: There is no ل (U+0644) in font [lmmono10-italic]:!
)
\openout3 = `main.pyg'.


(_minted-main/30649429173672C875754020576504D3F1AF6934EBCEC12043922F45B0310B3B.
pygtex [90] [91])
\openout3 = `main.pyg'.


(_minted-main/58D86E48DCE4B8D1266BAEFC95764408F1AF6934EBCEC12043922F45B0310B3B.
pygtex)
\openout3 = `main.pyg'.


(_minted-main/F10EAEABF55BD730DE11FDEEDF1A50A7F1AF6934EBCEC12043922F45B0310B3B.
pygtex [92])
\openout3 = `main.pyg'.


(_minted-main/8156BDEBEC6723EEB09631702FD3F3B2F1AF6934EBCEC12043922F45B0310B3B.
pygtex [93])
\openout3 = `main.pyg'.


(_minted-main/D87ACE8B53C744EE86D3CA038B7C1685F1AF6934EBCEC12043922F45B0310B3B.
pygtex [94] [95])
\openout3 = `main.pyg'.


(_minted-main/CEFBC576EBBB4145F3FCB27621BC4556F1AF6934EBCEC12043922F45B0310B3B.
pygtex [96])
\openout3 = `main.pyg'.


(_minted-main/B7C51DBF6A9EBB760C312334A3C9C40BF1AF6934EBCEC12043922F45B0310B3B.
pygtex [97])
\openout3 = `main.pyg'.


(_minted-main/D43DD3B2FAD1994EE3154227552F0A65F1AF6934EBCEC12043922F45B0310B3B.
pygtex [98] [99] [100])
\openout3 = `main.pyg'.


(_minted-main/C0E37FFFA088DB51E3C35BDF0E74D744F1AF6934EBCEC12043922F45B0310B3B.
pygtex [101])
\openout3 = `main.pyg'.


(_minted-main/404EC2968FA60B7A9B175C40DF07BC62F1AF6934EBCEC12043922F45B0310B3B.
pygtex [102])
\openout3 = `main.pyg'.


(_minted-main/E661EEA4FAD1F524AFF70EEFFE1045BEF1AF6934EBCEC12043922F45B0310B3B.
pygtex [103])
\openout3 = `main.pyg'.


(_minted-main/F11823608F2BBC956788D447B7408936F1AF6934EBCEC12043922F45B0310B3B.
pygtex)
\openout3 = `main.pyg'.


(_minted-main/A14D8966975E05178FE7BA60027F9C6AF1AF6934EBCEC12043922F45B0310B3B.
pygtex)
\openout3 = `main.pyg'.


(_minted-main/DDE56506391DBDCA6221C1859A8177CAF1AF6934EBCEC12043922F45B0310B3B.
pygtex [104])
\openout3 = `main.pyg'.


(_minted-main/4A5DD2D033B387C4205F159C6AED11EBF1AF6934EBCEC12043922F45B0310B3B.
pygtex [105])
\openout3 = `main.pyg'.


(_minted-main/2F51257513ABA17C6B4B1E1CED11D526F1AF6934EBCEC12043922F45B0310B3B.
pygtex)
\openout3 = `main.pyg'.


(_minted-main/999DDB201C450AC95A6454D31D62FB3DF1AF6934EBCEC12043922F45B0310B3B.
pygtex)
\openout3 = `main.pyg'.


(_minted-main/129C734D809A4F3641688D674806EBC1F1AF6934EBCEC12043922F45B0310B3B.
pygtex [106])
\openout3 = `main.pyg'.


(_minted-main/5F751699FE0EA7AE691B3FA8DC5A291DF1AF6934EBCEC12043922F45B0310B3B.
pygtex)
\openout3 = `main.pyg'.


(_minted-main/C60C78F3708B550E1FAD7DA6E702CC29F1AF6934EBCEC12043922F45B0310B3B.
pygtex
Missing character: There is no ع (U+0639) in font [lmmono10-italic]:!
Missing character: There is no ا (U+0627) in font [lmmono10-italic]:!
Missing character: There is no ي (U+064A) in font [lmmono10-italic]:!
Missing character: There is no ز (U+0632) in font [lmmono10-italic]:!
Missing character: There is no ا (U+0627) in font [lmmono10-italic]:!
Missing character: There is no و (U+0648) in font [lmmono10-italic]:!
Missing character: There is no ي (U+064A) in font [lmmono10-italic]:!
Missing character: There is no س (U+0633) in font [lmmono10-italic]:!
Missing character: There is no ا (U+0627) in font [lmmono10-italic]:!
Missing character: There is no و (U+0648) in font [lmmono10-italic]:!
Missing character: There is no ي (U+064A) in font [lmmono10-italic]:!
Missing character: There is no ش (U+0634) in font [lmmono10-italic]:!
Missing character: There is no ي (U+064A) in font [lmmono10-italic]:!
Missing character: There is no ل (U+0644) in font [lmmono10-italic]:!
Missing character: There is no ا (U+0627) in font [lmmono10-italic]:!
Missing character: There is no ل (U+0644) in font [lmmono10-italic]:!
Missing character: There is no ي (U+064A) in font [lmmono10-italic]:!
Missing character: There is no س (U+0633) in font [lmmono10-italic]:!
Missing character: There is no ا (U+0627) in font [lmmono10-italic]:!
Missing character: There is no و (U+0648) in font [lmmono10-italic]:!
Missing character: There is no ي (U+064A) in font [lmmono10-italic]:!
Missing character: There is no ع (U+0639) in font [lmmono10-italic]:!
Missing character: There is no ا (U+0627) in font [lmmono10-italic]:!
Missing character: There is no ي (U+064A) in font [lmmono10-italic]:!
Missing character: There is no ز (U+0632) in font [lmmono10-italic]:!
Missing character: There is no ا (U+0627) in font [lmmono10-italic]:!
Missing character: There is no و (U+0648) in font [lmmono10-italic]:!
Missing character: There is no ي (U+064A) in font [lmmono10-italic]:!
Missing character: There is no س (U+0633) in font [lmmono10-italic]:!
Missing character: There is no ا (U+0627) in font [lmmono10-italic]:!
Missing character: There is no و (U+0648) in font [lmmono10-italic]:!
Missing character: There is no ي (U+064A) in font [lmmono10-italic]:!
Missing character: There is no ش (U+0634) in font [lmmono10-italic]:!
Missing character: There is no ي (U+064A) in font [lmmono10-italic]:!
Missing character: There is no ل (U+0644) in font [lmmono10-italic]:!
Missing character: There is no ا (U+0627) in font [lmmono10-italic]:!
Missing character: There is no ل (U+0644) in font [lmmono10-italic]:!
Missing character: There is no ي (U+064A) in font [lmmono10-italic]:!
Missing character: There is no س (U+0633) in font [lmmono10-italic]:!
Missing character: There is no ا (U+0627) in font [lmmono10-italic]:!
Missing character: There is no و (U+0648) in font [lmmono10-italic]:!
Missing character: There is no ي (U+064A) in font [lmmono10-italic]:!
[107] [108])
\openout3 = `main.pyg'.


(_minted-main/65401D14381C727A23F86E4E23F99CB7F1AF6934EBCEC12043922F45B0310B3B.
pygtex)
\openout3 = `main.pyg'.


(_minted-main/56B95C9F04A6CEDDE6CE9381F7CEF634F1AF6934EBCEC12043922F45B0310B3B.
pygtex [109])
\openout3 = `main.pyg'.


(_minted-main/0506EC2F75121F244FF0936A201BD8ECF1AF6934EBCEC12043922F45B0310B3B.
pygtex)
\openout3 = `main.pyg'.


(_minted-main/5EC878BB3204B882CACF1843F19C74CBF1AF6934EBCEC12043922F45B0310B3B.
pygtex [110] [111])
\openout3 = `main.pyg'.


(_minted-main/C5D1F63BAD74EBF3C5808C0C5221EA2FF1AF6934EBCEC12043922F45B0310B3B.
pygtex)
\openout3 = `main.pyg'.


(_minted-main/956F6057CF554DE2CC268ACCC9AC64C9F1AF6934EBCEC12043922F45B0310B3B.
pygtex)
\openout3 = `main.pyg'.


(_minted-main/578E2691F76C9F2A3122516B58B9BABDF1AF6934EBCEC12043922F45B0310B3B.
pygtex [112] [113] [114])
\openout3 = `main.pyg'.


(_minted-main/F75ED5FF75B178BF83AB22BEBB583982F1AF6934EBCEC12043922F45B0310B3B.
pygtex [115] [116] [117] [118] [119])
\openout3 = `main.pyg'.


(_minted-main/D85948CAF41B2D25AC795D601D339455F1AF6934EBCEC12043922F45B0310B3B.
pygtex [120])
\openout3 = `main.pyg'.


(_minted-main/5AD2024D26939C6F85B1F8B4F498D644F1AF6934EBCEC12043922F45B0310B3B.
pygtex [121] [122])
\openout3 = `main.pyg'.


(_minted-main/9E63D4E175C0B5F2F31D54D412A11D56F1AF6934EBCEC12043922F45B0310B3B.
pygtex [123])
\openout3 = `main.pyg'.


(_minted-main/711304AFDCB1A2E90B36DC35C71CB16BF1AF6934EBCEC12043922F45B0310B3B.
pygtex [124])
\openout3 = `main.pyg'.


(_minted-main/E28AAD7033427129ECFC6DC657A2B298F1AF6934EBCEC12043922F45B0310B3B.
pygtex)
\openout3 = `main.pyg'.


(_minted-main/3C34A8BCC9D0F4E8BC98B1C56760412CF1AF6934EBCEC12043922F45B0310B3B.
pygtex [125])
\openout3 = `main.pyg'.


(_minted-main/533841D6439DB4EBE450FA214AC541ABF1AF6934EBCEC12043922F45B0310B3B.
pygtex [126] [127])
\openout3 = `main.pyg'.


(_minted-main/986A7039743606A9E0DDC36EAF507454F1AF6934EBCEC12043922F45B0310B3B.
pygtex [128] [129])
\openout3 = `main.pyg'.


(_minted-main/617B31D6FD04F774D9D263DDBC6E8F6DF1AF6934EBCEC12043922F45B0310B3B.
pygtex [130])
\openout3 = `main.pyg'.


(_minted-main/CB4DD5C81B0D21311AA450382836E777F1AF6934EBCEC12043922F45B0310B3B.
pygtex)
\openout3 = `main.pyg'.


(_minted-main/C375D424A517AC2B1CB7E60DEE80AEF7F1AF6934EBCEC12043922F45B0310B3B.
pygtex [131]) [132] (main.aux)
Package rerunfilecheck Info: File `main.out' has not changed.
(rerunfilecheck)             Checksum: DA6E4E2209E573C2F8298D0A7B04CCD5;15553.
 )
Output written on main.xdv (132 pages, 3166372 bytes).
